SF:lib/domain/stories/cart_store.dart
DA:8,1
DA:12,3
DA:16,2
DA:18,6
DA:20,5
DA:21,7
DA:22,1
DA:25,1
DA:26,6
DA:28,1
DA:29,2
DA:30,5
DA:33,2
DA:34,4
DA:36,3
DA:37,3
DA:39,1
DA:44,1
DA:47,1
DA:48,2
DA:49,5
DA:52,2
DA:53,4
DA:54,4
DA:56,2
DA:59,1
DA:62,1
DA:63,1
DA:64,6
DA:65,1
DA:66,5
DA:69,1
DA:70,2
DA:71,1
DA:74,1
DA:75,7
DA:76,1
LF:37
LH:37
end_of_record
SF:lib/ui/order_confirmation/order_confirmation_viewmodel.dart
DA:6,1
DA:9,2
DA:11,1
LF:3
LH:3
end_of_record
SF:lib/data/service/product_service.dart
DA:14,1
DA:16,1
DA:19,2
DA:20,2
DA:21,1
DA:22,3
DA:23,1
DA:25,1
DA:28,2
DA:29,1
DA:30,1
DA:31,1
LF:12
LH:12
end_of_record
SF:lib/data/models/product_model.dart
DA:5,2
DA:15,2
DA:16,2
DA:17,2
DA:18,2
DA:19,6
DA:20,2
DA:21,2
DA:22,6
DA:23,4
LF:10
LH:10
end_of_record
SF:lib/domain/entities/product_entity.dart
DA:12,6
DA:28,8
DA:30,2
DA:32,4
DA:34,2
DA:36,2
DA:38,2
DA:40,2
LF:8
LH:8
end_of_record
SF:lib/domain/exceptions/product_fetch_exception.dart
DA:4,5
LF:1
LH:1
end_of_record
SF:lib/utils/result.dart
DA:4,7
DA:14,7
DA:20,6
LF:3
LH:3
end_of_record
SF:lib/domain/exceptions/app_exception.dart
DA:4,7
DA:6,1
DA:7,1
LF:3
LH:3
end_of_record
SF:lib/domain/entities/product_cart_entity.dart
DA:7,2
DA:12,0
DA:16,0
DA:17,0
DA:18,0
DA:22,1
DA:26,0
DA:29,0
DA:30,0
LF:9
LH:2
end_of_record
SF:lib/domain/exceptions/cart_item_limit_exceeded_exception.dart
DA:4,2
LF:1
LH:1
end_of_record
SF:lib/domain/entities/money_entity.dart
DA:6,6
DA:10,4
DA:12,0
DA:13,0
DA:19,0
LF:5
LH:2
end_of_record
SF:lib/ui/home/home_viewmodel.dart
DA:16,1
DA:22,3
DA:25,1
DA:26,2
DA:29,1
DA:30,2
DA:31,1
DA:32,1
DA:37,1
DA:39,2
DA:40,1
DA:43,1
DA:48,2
DA:49,1
DA:50,1
DA:51,2
DA:55,1
DA:56,2
DA:57,1
DA:60,1
DA:61,2
DA:62,6
DA:63,1
DA:65,1
LF:24
LH:24
end_of_record
SF:lib/utils/command.dart
DA:9,2
DA:13,2
DA:17,3
DA:19,3
DA:21,4
DA:23,5
DA:25,1
DA:26,1
DA:27,1
DA:30,2
DA:31,2
DA:35,2
DA:36,2
DA:37,2
DA:40,4
DA:42,2
DA:43,2
DA:51,2
DA:55,2
DA:57,4
LF:20
LH:20
end_of_record
SF:lib/data/repositories/product_repository_impl.dart
DA:9,1
DA:12,1
DA:14,2
LF:3
LH:3
end_of_record
SF:lib/data/repositories/checkout_repository_impl.dart
DA:9,1
DA:12,1
DA:14,2
LF:3
LH:3
end_of_record
SF:lib/data/service/checkout_service.dart
DA:9,1
DA:11,1
DA:13,2
DA:15,2
LF:4
LH:4
end_of_record
SF:lib/domain/exceptions/checkout_exception.dart
DA:4,1
LF:1
LH:1
end_of_record
